<?xml version="1.0" encoding="UTF-8"?>
<!-- Generated by org.testng.reporters.JUnitXMLReporter -->
<testsuite ignored="0" hostname="Durga-Dell" failures="0" tests="2" name="ErrorValidations" time="29.742" errors="0" timestamp="2024-05-13T20:13:51 IST">
  <testcase classname="rahulshettyacademy.tests.ErrorValidations" name="LoginErrorValidation" time="0.766"/>
  <testcase classname="rahulshettyacademy.tests.ErrorValidations" name="ProductErrorValidation" time="5.797"/>
</testsuite> <!-- ErrorValidations -->
